==PROF== Connected to process 1146135 (/vast/home/pat/Projects/kitsune/kitsune/experiments/raytracer/raytrace-cuda)
==PROF== Profiling "PathTracer(int, Pixel *, int)" - 1: 0%....50%....100% - 18 passes
==PROF== Disconnected from process 1146135
==PROF== Report: /vast/home/pat/Projects/kitsune/kitsune/experiments/raytracer/raytrace-cuda.2.64.ncu-rep
[1146135] raytrace-cuda@127.0.0.1
  Device 0
    PathTracer(int, Pixel *, int), Block Size 256, Grid Size 8192, 1 invocations 
      Section: Compute Workload Analysis
      Metric Name                                                            Metric Unit Minimum   Maximum   Average  
      ---------------------------------------------------------------------- ----------- --------- --------- ---------
      sm__inst_executed.avg.per_cycle_active                                 inst/cycle  1.792525  1.792525  1.792525 
      sm__inst_executed.avg.per_cycle_elapsed                                inst/cycle  1.782185  1.782185  1.782185 
      sm__inst_executed_pipe_adu.avg.pct_of_peak_sustained_active            %           0.011842  0.011842  0.011842 
      sm__inst_executed_pipe_cbu.avg.pct_of_peak_sustained_active            %           2.218907  2.218907  2.218907 
      sm__inst_executed_pipe_fp16.avg.pct_of_peak_sustained_active           %           0.000000  0.000000  0.000000 
      sm__inst_executed_pipe_fp64.avg.pct_of_peak_sustained_active           %           0.000000  0.000000  0.000000 
      sm__inst_executed_pipe_lsu.avg.pct_of_peak_sustained_active            %           0.000019  0.000019  0.000019 
      sm__inst_executed_pipe_tensor_op_dmma.avg.pct_of_peak_sustained_active %           0.000000  0.000000  0.000000 
      sm__inst_executed_pipe_tensor_op_hmma.avg.pct_of_peak_sustained_active %           2.011495  2.011495  2.011495 
      sm__inst_executed_pipe_tensor_op_imma.avg.pct_of_peak_sustained_active %           0.000000  0.000000  0.000000 
      sm__inst_executed_pipe_tex.avg.pct_of_peak_sustained_active            %           0.000000  0.000000  0.000000 
      sm__inst_executed_pipe_uniform.avg.pct_of_peak_sustained_active        %           0.000002  0.000002  0.000002 
      sm__inst_executed_pipe_xu.avg.pct_of_peak_sustained_active             %           13.043705 13.043705 13.043705
      sm__inst_issued.avg.pct_of_peak_sustained_active                       %           44.814839 44.814839 44.814839
      sm__inst_issued.avg.per_cycle_active                                   inst/cycle  1.792594  1.792594  1.792594 
      sm__inst_issued.max.pct_of_peak_sustained_active                       %           47.898395 47.898395 47.898395
      sm__instruction_throughput.avg.pct_of_peak_sustained_active            %           56.848009 56.848009 56.848009
      sm__pipe_alu_cycles_active.avg.pct_of_peak_sustained_active            %           20.449042 20.449042 20.449042
      sm__pipe_fma_cycles_active.avg.pct_of_peak_sustained_active            %           56.848009 56.848009 56.848009

    PathTracer(int, Pixel *, int), Block Size 256, Grid Size 8192, 1 invocations 
      Section: GPU Speed Of Light Roofline Chart
      Metric Name                                                           Metric Unit   Minimum      Maximum      Average     
      --------------------------------------------------------------------- ------------- ------------ ------------ ------------
      derived__sm__sass_thread_inst_executed_op_dfma_pred_on_x2             inst          6912.000000  6912.000000  6912.000000 
      derived__sm__sass_thread_inst_executed_op_ffma_pred_on_x2             inst          13824.000000 13824.000000 13824.000000
      derived__smsp__sass_thread_inst_executed_op_dfma_pred_on_x2           inst          0.000000     0.000000     0.000000    
      derived__smsp__sass_thread_inst_executed_op_ffma_pred_on_x2           inst          615.926237   615.926237   615.926237  
      dram__bytes.sum.peak_sustained                                        Kbyte/cycle   1.280000     1.280000     1.280000    
      dram__bytes.sum.per_second                                            Kbyte/second  55.382875    55.382875    55.382875   
      dram__cycles_elapsed.avg.per_second                                   cycle/nsecond 1.216574     1.216574     1.216574    
      sm__cycles_elapsed.avg.per_second                                     cycle/nsecond 1.096418     1.096418     1.096418    
      sm__sass_thread_inst_executed_op_dfma_pred_on.sum.peak_sustained      inst/cycle    3456.000000  3456.000000  3456.000000 
      sm__sass_thread_inst_executed_op_ffma_pred_on.sum.peak_sustained      inst/cycle    6912.000000  6912.000000  6912.000000 
      smsp__cycles_elapsed.avg.per_second                                   cycle/nsecond 1.096418     1.096418     1.096418    
      smsp__sass_thread_inst_executed_op_dadd_pred_on.sum.per_cycle_elapsed inst/cycle    0.000000     0.000000     0.000000    
      smsp__sass_thread_inst_executed_op_dfma_pred_on.sum.per_cycle_elapsed inst/cycle    0.000000     0.000000     0.000000    
      smsp__sass_thread_inst_executed_op_dmul_pred_on.sum.per_cycle_elapsed inst/cycle    0.000000     0.000000     0.000000    
      smsp__sass_thread_inst_executed_op_fadd_pred_on.sum.per_cycle_elapsed inst/cycle    357.983118   357.983118   357.983118  
      smsp__sass_thread_inst_executed_op_ffma_pred_on.sum.per_cycle_elapsed inst/cycle    307.963118   307.963118   307.963118  
      smsp__sass_thread_inst_executed_op_fmul_pred_on.sum.per_cycle_elapsed inst/cycle    137.654084   137.654084   137.654084  

    PathTracer(int, Pixel *, int), Block Size 256, Grid Size 8192, 1 invocations 
      Section: GPU Speed Of Light Throughput
      Metric Name                                                              Metric Unit   Minimum            Maximum            Average           
      ------------------------------------------------------------------------ ------------- ------------------ ------------------ ------------------
      dram__cycles_active.avg.pct_of_peak_sustained_elapsed                    %             0.000004           0.000004           0.000004          
      dram__cycles_elapsed.avg.per_second                                      cycle/nsecond 1.216574           1.216574           1.216574          
      fbpa__dram_sectors.avg.pct_of_peak_sustained_elapsed                     %             0.000002           0.000002           0.000002          
      gpc__cycles_elapsed.avg.per_second                                       cycle/nsecond 1.096418           1.096418           1.096418          
      gpc__cycles_elapsed.max                                                  cycle         13009685195.000000 13009685195.000000 13009685195.000000
      gpu__compute_memory_throughput.avg.pct_of_peak_sustained_elapsed         %             0.000124           0.000124           0.000124          
      gpu__dram_throughput.avg.pct_of_peak_sustained_elapsed                   %             0.000004           0.000004           0.000004          
      gpu__time_duration.sum                                                   second        11.865617          11.865617          11.865617         
      idc__request_cycles_active.avg.pct_of_peak_sustained_elapsed             %             0.005545           0.005545           0.005545          
      l1tex__data_bank_reads.avg.pct_of_peak_sustained_elapsed                 %             0.000010           0.000010           0.000010          
      l1tex__data_bank_writes.avg.pct_of_peak_sustained_elapsed                %             0.000005           0.000005           0.000005          
      l1tex__data_pipe_lsu_wavefronts.avg.pct_of_peak_sustained_elapsed        %             0.000023           0.000023           0.000023          
      l1tex__data_pipe_tex_wavefronts.avg.pct_of_peak_sustained_elapsed        %             0.000000           0.000000           0.000000          
      l1tex__f_wavefronts.avg.pct_of_peak_sustained_elapsed                    %             0.000000           0.000000           0.000000          
      l1tex__lsu_writeback_active.avg.pct_of_peak_sustained_elapsed            %             0.000005           0.000005           0.000005          
      l1tex__lsuin_requests.avg.pct_of_peak_sustained_elapsed                  %             0.000019           0.000019           0.000019          
      l1tex__m_l1tex2xbar_req_cycles_active.avg.pct_of_peak_sustained_elapsed  %             0.000018           0.000018           0.000018          
      l1tex__m_xbar2l1tex_read_sectors.avg.pct_of_peak_sustained_elapsed       %             0.000000           0.000000           0.000000          
      l1tex__tex_writeback_active.avg.pct_of_peak_sustained_elapsed            %             0.000000           0.000000           0.000000          
      l1tex__texin_sm2tex_req_cycles_active.avg.pct_of_peak_sustained_elapsed  %             0.000000           0.000000           0.000000          
      l1tex__throughput.avg.pct_of_peak_sustained_active                       %             0.000023           0.000023           0.000023          
      launch__waves_per_multiprocessor                                                       25.283951          25.283951          25.283951         
      lts__d_atomic_input_cycles_active.avg.pct_of_peak_sustained_elapsed      %             0.000000           0.000000           0.000000          
      lts__d_sectors.avg.pct_of_peak_sustained_elapsed                         %             0.000058           0.000058           0.000058          
      lts__d_sectors_fill_device.avg.pct_of_peak_sustained_elapsed             %             0.000002           0.000002           0.000002          
      lts__d_sectors_fill_sysmem.avg.pct_of_peak_sustained_elapsed             %             0.000000           0.000000           0.000000          
      lts__lts2xbar_cycles_active.avg.pct_of_peak_sustained_elapsed            %             0.000099           0.000099           0.000099          
      lts__t_sectors.avg.pct_of_peak_sustained_elapsed                         %             0.000124           0.000124           0.000124          
      lts__t_tag_requests.avg.pct_of_peak_sustained_elapsed                    %             0.000070           0.000070           0.000070          
      lts__throughput.avg.pct_of_peak_sustained_elapsed                        %             0.000124           0.000124           0.000124          
      lts__xbar2lts_cycles_active.avg.pct_of_peak_sustained_elapsed            %             0.000053           0.000053           0.000053          
      sm__cycles_active.avg                                                    cycle         12934628788.064816 12934628788.064816 12934628788.064816
      sm__inst_executed.avg.pct_of_peak_sustained_elapsed                      %             44.554613          44.554613          44.554613         
      sm__inst_executed_pipe_adu.avg.pct_of_peak_sustained_elapsed             %             0.011774           0.011774           0.011774          
      sm__inst_executed_pipe_cbu_pred_on_any.avg.pct_of_peak_sustained_elapsed %             8.649651           8.649651           8.649651          
      sm__inst_executed_pipe_fp16.avg.pct_of_peak_sustained_elapsed            %             0.000000           0.000000           0.000000          
      sm__inst_executed_pipe_ipa.avg.pct_of_peak_sustained_elapsed             %             0.000000           0.000000           0.000000          
      sm__inst_executed_pipe_lsu.avg.pct_of_peak_sustained_elapsed             %             0.000019           0.000019           0.000019          
      sm__inst_executed_pipe_tex.avg.pct_of_peak_sustained_elapsed             %             0.000000           0.000000           0.000000          
      sm__inst_executed_pipe_uniform.avg.pct_of_peak_sustained_elapsed         %             0.000002           0.000002           0.000002          
      sm__inst_executed_pipe_xu.avg.pct_of_peak_sustained_elapsed              %             12.968457          12.968457          12.968457         
      sm__issue_active.avg.pct_of_peak_sustained_elapsed                       %             44.556307          44.556307          44.556307         
      sm__mio2rf_writeback_active.avg.pct_of_peak_sustained_elapsed            %             0.001391           0.001391           0.001391          
      sm__mio_inst_issued.avg.pct_of_peak_sustained_elapsed                    %             0.002953           0.002953           0.002953          
      sm__mio_pq_read_cycles_active.avg.pct_of_peak_sustained_elapsed          %             0.019551           0.019551           0.019551          
      sm__mio_pq_write_cycles_active.avg.pct_of_peak_sustained_elapsed         %             0.018501           0.018501           0.018501          
      sm__pipe_alu_cycles_active.avg.pct_of_peak_sustained_elapsed             %             20.331074          20.331074          20.331074         
      sm__pipe_fma_cycles_active.avg.pct_of_peak_sustained_elapsed             %             56.520060          56.520060          56.520060         
      sm__pipe_fp64_cycles_active.avg.pct_of_peak_sustained_elapsed            %             0.000000           0.000000           0.000000          
      sm__pipe_shared_cycles_active.avg.pct_of_peak_sustained_elapsed          %             1.999891           1.999891           1.999891          
      sm__pipe_tensor_cycles_active.avg.pct_of_peak_sustained_elapsed          %             1.999891           1.999891           1.999891          
      sm__throughput.avg.pct_of_peak_sustained_elapsed                         %             56.520060          56.520060          56.520060         

    PathTracer(int, Pixel *, int), Block Size 256, Grid Size 8192, 1 invocations 
      Section: Instruction Statistics
      Metric Name                    Metric Unit Minimum              Maximum              Average             
      ------------------------------ ----------- -------------------- -------------------- --------------------
      inst_executed                  inst        2504044822598.000000 2504044822598.000000 2504044822598.000000
      sass__inst_executed_per_opcode             2504044822598.000000 2504044822598.000000 2504044822598.000000
      smsp__inst_executed.avg        inst        5796412558.092592    5796412558.092592    5796412558.092592   
      smsp__inst_executed.sum        inst        2504050225096.000000 2504050225096.000000 2504050225096.000000
      smsp__inst_issued.avg          inst        5796633035.138889    5796633035.138889    5796633035.138889   
      smsp__inst_issued.sum          inst        2504145471180.000000 2504145471180.000000 2504145471180.000000

    PathTracer(int, Pixel *, int), Block Size 256, Grid Size 8192, 1 invocations 
      Section: Launch Statistics
      Metric Name                                       Metric Unit     Minimum        Maximum        Average       
      ------------------------------------------------- --------------- -------------- -------------- --------------
      launch__block_size                                                256.000000     256.000000     256.000000    
      launch__grid_size                                                 8192.000000    8192.000000    8192.000000   
      launch__registers_per_thread                      register/thread 73.000000      73.000000      73.000000     
      launch__shared_mem_config_size                    Kbyte           16.384000      16.384000      16.384000     
      launch__shared_mem_per_block_driver               Kbyte/block     1.024000       1.024000       1.024000      
      launch__shared_mem_per_block_dynamic              byte/block      0.000000       0.000000       0.000000      
      launch__shared_mem_per_block_static               byte/block      0.000000       0.000000       0.000000      
      launch__thread_count                              thread          2097152.000000 2097152.000000 2097152.000000
      launch__waves_per_multiprocessor                                  25.283951      25.283951      25.283951     
      sm__maximum_warps_per_active_cycle_pct            %               37.500000      37.500000      37.500000     
      sm__warps_active.avg.pct_of_peak_sustained_active %               34.834445      34.834445      34.834445     

    PathTracer(int, Pixel *, int), Block Size 256, Grid Size 8192, 1 invocations 
      Section: Memory Workload Analysis
      Metric Name                                                              Metric Unit  Minimum   Maximum   Average  
      ------------------------------------------------------------------------ ------------ --------- --------- ---------
      dram__bytes.sum.per_second                                               Kbyte/second 55.382875 55.382875 55.382875
      gpu__compute_memory_access_throughput.avg.pct_of_peak_sustained_elapsed  %            0.000124  0.000124  0.000124 
      gpu__compute_memory_request_throughput.avg.pct_of_peak_sustained_elapsed %            0.000099  0.000099  0.000099 
      l1tex__t_sector_hit_rate.pct                                             %            83.602117 83.602117 83.602117
      lts__average_gcomp_input_sector_success_rate.pct                         %            0.000000  0.000000  0.000000 
      lts__average_gcomp_output_sector_compression_achieved_rate.ratio                      0.000000  0.000000  0.000000 
      lts__t_sector_hit_rate.pct                                               %            97.267316 97.267316 97.267316
      sm__memory_throughput.avg.pct_of_peak_sustained_elapsed                  %            0.019551  0.019551  0.019551 

    PathTracer(int, Pixel *, int), Block Size 256, Grid Size 8192, 1 invocations 
      Section: Occupancy
      Metric Name                                       Metric Unit     Minimum     Maximum     Average    
      ------------------------------------------------- --------------- ----------- ----------- -----------
      launch__block_size                                                256.000000  256.000000  256.000000 
      launch__occupancy_limit_blocks                    block           32.000000   32.000000   32.000000  
      launch__occupancy_limit_registers                 block           3.000000    3.000000    3.000000   
      launch__occupancy_limit_shared_mem                block           164.000000  164.000000  164.000000 
      launch__occupancy_limit_warps                     block           8.000000    8.000000    8.000000   
      launch__occupancy_per_block_size                                  1006.000000 1006.000000 1006.000000
      launch__occupancy_per_register_count                              5504.000000 5504.000000 5504.000000
      launch__occupancy_per_shared_mem_size                             2328.000000 2328.000000 2328.000000
      launch__registers_per_thread                      register/thread 73.000000   73.000000   73.000000  
      launch__shared_mem_per_block                      Kbyte/block     1.024000    1.024000    1.024000   
      sm__maximum_warps_avg_per_active_cycle            warp            24.000000   24.000000   24.000000  
      sm__maximum_warps_per_active_cycle_pct            %               37.500000   37.500000   37.500000  
      sm__warps_active.avg.pct_of_peak_sustained_active %               34.834445   34.834445   34.834445  
      sm__warps_active.avg.per_cycle_active             warp            22.294045   22.294045   22.294045  

    PathTracer(int, Pixel *, int), Block Size 256, Grid Size 8192, 1 invocations 
      Section: Scheduler Statistics
      Metric Name                                         Metric Unit Minimum   Maximum   Average  
      --------------------------------------------------- ----------- --------- --------- ---------
      smsp__issue_active.avg.pct_of_peak_sustained_active %           44.818456 44.818456 44.818456
      smsp__issue_active.avg.per_cycle_active                         0.448185  0.448185  0.448185 
      smsp__issue_inst0.avg.pct_of_peak_sustained_active  %           55.181544 55.181544 55.181544
      smsp__maximum_warps_avg_per_active_cycle            warp        6.000000  6.000000  6.000000 
      smsp__warps_active.avg.peak_sustained               warp        16.000000 16.000000 16.000000
      smsp__warps_active.avg.per_cycle_active             warp        5.573952  5.573952  5.573952 
      smsp__warps_eligible.avg.per_cycle_active           warp        0.845832  0.845832  0.845832 

    PathTracer(int, Pixel *, int), Block Size 256, Grid Size 8192, 1 invocations 
      Section: Source Counters
      Metric Name                                                    Metric Unit Minimum               Maximum               Average              
      -------------------------------------------------------------- ----------- --------------------- --------------------- ---------------------
      derived__avg_thread_executed                                   thread      6.000000              6.000000              6.000000             
      derived__memory_l1_wavefronts_shared_excessive                 byte        0.000000              0.000000              0.000000             
      derived__memory_l2_theoretical_sectors_global_excessive        Kbyte       393.216000            393.216000            393.216000           
      derived__smsp__inst_executed_op_branch_pct                     %           0.054803              0.054803              0.054803             
      gpc__cycles_elapsed.max                                        cycle       13009685195.000000    13009685195.000000    13009685195.000000   
      inst_executed                                                  inst        2504044822598.000000  2504044822598.000000  2504044822598.000000 
      memory_l1_tag_requests_global                                  sectors     294912.000000         294912.000000         294912.000000        
      memory_l1_wavefronts_shared                                    sectors     0.000000              0.000000              0.000000             
      memory_l1_wavefronts_shared_ideal                              sectors     0.000000              0.000000              0.000000             
      memory_l2_theoretical_sectors_global                           sectors     589824.000000         589824.000000         589824.000000        
      memory_l2_theoretical_sectors_global_ideal                     sectors     196608.000000         196608.000000         196608.000000        
      memory_l2_theoretical_sectors_local                            sectors     0.000000              0.000000              0.000000             
      smsp__branch_targets_threads_divergent                                     1658758490.000000     1658758490.000000     1658758490.000000    
      smsp__inst_executed.sum                                        inst        2504050225096.000000  2504050225096.000000  2504050225096.000000 
      smsp__inst_executed_op_branch.sum                              inst        137229055827.000000   137229055827.000000   137229055827.000000  
      smsp__pcsamp_sample_count                                                  3669964.000000        3669964.000000        3669964.000000       
      smsp__pcsamp_warps_issue_stalled_barrier                       warp        0.000000              0.000000              0.000000             
      smsp__pcsamp_warps_issue_stalled_barrier_not_issued            warp        0.000000              0.000000              0.000000             
      smsp__pcsamp_warps_issue_stalled_branch_resolving              warp        89976.000000          89976.000000          89976.000000         
      smsp__pcsamp_warps_issue_stalled_branch_resolving_not_issued   warp        46283.000000          46283.000000          46283.000000         
      smsp__pcsamp_warps_issue_stalled_dispatch_stall                warp        9552.000000           9552.000000           19104.000000         
      smsp__pcsamp_warps_issue_stalled_dispatch_stall_not_issued     warp        2710.000000           2710.000000           5420.000000          
      smsp__pcsamp_warps_issue_stalled_drain                         warp        0.000000              0.000000              0.000000             
      smsp__pcsamp_warps_issue_stalled_drain_not_issued              warp        0.000000              0.000000              0.000000             
      smsp__pcsamp_warps_issue_stalled_imc_miss                      warp        186.000000            186.000000            372.000000           
      smsp__pcsamp_warps_issue_stalled_imc_miss_not_issued           warp        169.000000            169.000000            338.000000           
      smsp__pcsamp_warps_issue_stalled_lg_throttle                   warp        0.000000              0.000000              0.000000             
      smsp__pcsamp_warps_issue_stalled_lg_throttle_not_issued        warp        0.000000              0.000000              0.000000             
      smsp__pcsamp_warps_issue_stalled_long_scoreboard               warp        0.000000              0.000000              0.000000             
      smsp__pcsamp_warps_issue_stalled_long_scoreboard_not_issued    warp        0.000000              0.000000              0.000000             
      smsp__pcsamp_warps_issue_stalled_math_pipe_throttle            warp        269293.000000         269293.000000         538586.000000        
      smsp__pcsamp_warps_issue_stalled_math_pipe_throttle_not_issued warp        181671.000000         181671.000000         363342.000000        
      smsp__pcsamp_warps_issue_stalled_membar                        byte        0.000000              0.000000              0.000000             
      smsp__pcsamp_warps_issue_stalled_membar_not_issued             byte        0.000000              0.000000              0.000000             
      smsp__pcsamp_warps_issue_stalled_mio_throttle                  warp        4534.000000           4534.000000           9068.000000          
      smsp__pcsamp_warps_issue_stalled_mio_throttle_not_issued       warp        2512.000000           2512.000000           5024.000000          
      smsp__pcsamp_warps_issue_stalled_misc                          warp        19.000000             19.000000             38.000000            
      smsp__pcsamp_warps_issue_stalled_misc_not_issued               warp        13.000000             13.000000             26.000000            
      smsp__pcsamp_warps_issue_stalled_no_instructions               inst        2146048.000000        2146048.000000        4292096.000000       
      smsp__pcsamp_warps_issue_stalled_no_instructions_not_issued    inst        1304842.000000        1304842.000000        2609684.000000       
      smsp__pcsamp_warps_issue_stalled_not_selected                  warp        301417.000000         301417.000000         602834.000000        
      smsp__pcsamp_warps_issue_stalled_not_selected_not_issued       warp        0.000000              0.000000              0.000000             
      smsp__pcsamp_warps_issue_stalled_selected                      warp        296724.000000         296724.000000         593448.000000        
      smsp__pcsamp_warps_issue_stalled_selected_not_issued           warp        0.000000              0.000000              0.000000             
      smsp__pcsamp_warps_issue_stalled_short_scoreboard              warp        74570.000000          74570.000000          149140.000000        
      smsp__pcsamp_warps_issue_stalled_short_scoreboard_not_issued   warp        39508.000000          39508.000000          79016.000000         
      smsp__pcsamp_warps_issue_stalled_sleeping                      warp        0.000000              0.000000              0.000000             
      smsp__pcsamp_warps_issue_stalled_sleeping_not_issued           warp        0.000000              0.000000              0.000000             
      smsp__pcsamp_warps_issue_stalled_tex_throttle                  warp        0.000000              0.000000              0.000000             
      smsp__pcsamp_warps_issue_stalled_tex_throttle_not_issued       warp        0.000000              0.000000              0.000000             
      smsp__pcsamp_warps_issue_stalled_wait                          warp        477645.000000         477645.000000         955290.000000        
      smsp__pcsamp_warps_issue_stalled_wait_not_issued               warp        286057.000000         286057.000000         572114.000000        
      smsp__sass_average_branch_targets_threads_uniform.pct          %           97.807415             97.807415             97.807415            
      smsp__sass_branch_targets_threads_divergent.avg                            3839718.726852        3839718.726852        3839718.726852       
      thread_inst_executed_true                                      inst        16276054518340.000000 16276054518340.000000 16276054518340.000000

    PathTracer(int, Pixel *, int), Block Size 256, Grid Size 8192, 1 invocations 
      Section: Warp State Statistics
      Metric Name                                                                 Metric Unit Minimum   Maximum   Average  
      --------------------------------------------------------------------------- ----------- --------- --------- ---------
      smsp__average_warp_latency_per_inst_issued.ratio                            cycle       12.436733 12.436733 12.436733
      smsp__average_warps_active_per_inst_executed.ratio                          cycle       12.437206 12.437206 12.437206
      smsp__average_warps_issue_stalled_barrier_per_issue_active.ratio            inst        0.000000  0.000000  0.000000 
      smsp__average_warps_issue_stalled_branch_resolving_per_issue_active.ratio   inst        0.303473  0.303473  0.303473 
      smsp__average_warps_issue_stalled_dispatch_stall_per_issue_active.ratio     inst        0.028667  0.028667  0.028667 
      smsp__average_warps_issue_stalled_drain_per_issue_active.ratio              inst        0.000000  0.000000  0.000000 
      smsp__average_warps_issue_stalled_imc_miss_per_issue_active.ratio           inst        0.000001  0.000001  0.000001 
      smsp__average_warps_issue_stalled_lg_throttle_per_issue_active.ratio        inst        0.000000  0.000000  0.000000 
      smsp__average_warps_issue_stalled_long_scoreboard_per_issue_active.ratio    inst        0.000000  0.000000  0.000000 
      smsp__average_warps_issue_stalled_math_pipe_throttle_per_issue_active.ratio inst        0.797020  0.797020  0.797020 
      smsp__average_warps_issue_stalled_membar_per_issue_active.ratio             inst        0.000000  0.000000  0.000000 
      smsp__average_warps_issue_stalled_mio_throttle_per_issue_active.ratio       inst        0.013992  0.013992  0.013992 
      smsp__average_warps_issue_stalled_misc_per_issue_active.ratio               inst        0.000059  0.000059  0.000059 
      smsp__average_warps_issue_stalled_no_instruction_per_issue_active.ratio     inst        7.541575  7.541575  7.541575 
      smsp__average_warps_issue_stalled_not_selected_per_issue_active.ratio       inst        0.887142  0.887142  0.887142 
      smsp__average_warps_issue_stalled_selected_per_issue_active.ratio           inst        1.000000  1.000000  1.000000 
      smsp__average_warps_issue_stalled_short_scoreboard_per_issue_active.ratio   inst        0.251668  0.251668  0.251668 
      smsp__average_warps_issue_stalled_sleeping_per_issue_active.ratio           inst        0.000000  0.000000  0.000000 
      smsp__average_warps_issue_stalled_tex_throttle_per_issue_active.ratio       inst        0.000000  0.000000  0.000000 
      smsp__average_warps_issue_stalled_wait_per_issue_active.ratio               inst        1.614313  1.614313  1.614313 
      smsp__issue_active.avg.per_cycle_active                                                 0.448185  0.448185  0.448185 
      smsp__thread_inst_executed_per_inst_executed.ratio                                      6.707972  6.707972  6.707972 
      smsp__thread_inst_executed_pred_on_per_inst_executed.ratio                              6.500025  6.500025  6.500025 

Note: The shown averages are calculated as the arithmetic mean of the metric values after the evaluation of the metrics for each individual kernel launch.
If aggregating across varying launch configurations (like shared memory, cache config settings), the arithmetic mean can be misleading and looking at the individual results is recommended instead.
This output mode is backwards compatible to the per-kernel summary output of nvprof
