==PROF== Connected to process 1146757 (/vast/home/pat/Projects/kitsune/kitsune/experiments/raytracer/raytrace-kitsune)
==PROF== Profiling "kitsune_kernel" - 1: 0%....50%....100% - 19 passes
==PROF== Disconnected from process 1146757
==PROF== Report: /vast/home/pat/Projects/kitsune/kitsune/experiments/raytracer/raytrace-kitsune.2.64.ncu-rep
[1146757] raytrace-kitsune@127.0.0.1
  Device 0
    kitsune_kernel, Block Size 256, Grid Size 1024, 1 invocations 
      Section: Compute Workload Analysis
      Metric Name                                                            Metric Unit Minimum   Maximum   Average  
      ---------------------------------------------------------------------- ----------- --------- --------- ---------
      sm__inst_executed.avg.per_cycle_active                                 inst/cycle  2.682165  2.682165  2.682165 
      sm__inst_executed.avg.per_cycle_elapsed                                inst/cycle  2.550905  2.550905  2.550905 
      sm__inst_executed_pipe_adu.avg.pct_of_peak_sustained_active            %           0.000006  0.000006  0.000006 
      sm__inst_executed_pipe_cbu.avg.pct_of_peak_sustained_active            %           3.171421  3.171421  3.171421 
      sm__inst_executed_pipe_fp16.avg.pct_of_peak_sustained_active           %           0.000000  0.000000  0.000000 
      sm__inst_executed_pipe_fp64.avg.pct_of_peak_sustained_active           %           0.000000  0.000000  0.000000 
      sm__inst_executed_pipe_lsu.avg.pct_of_peak_sustained_active            %           0.000033  0.000033  0.000033 
      sm__inst_executed_pipe_tensor_op_dmma.avg.pct_of_peak_sustained_active %           0.000000  0.000000  0.000000 
      sm__inst_executed_pipe_tensor_op_hmma.avg.pct_of_peak_sustained_active %           1.490296  1.490296  1.490296 
      sm__inst_executed_pipe_tensor_op_imma.avg.pct_of_peak_sustained_active %           0.000000  0.000000  0.000000 
      sm__inst_executed_pipe_tex.avg.pct_of_peak_sustained_active            %           0.000000  0.000000  0.000000 
      sm__inst_executed_pipe_uniform.avg.pct_of_peak_sustained_active        %           0.000344  0.000344  0.000344 
      sm__inst_executed_pipe_xu.avg.pct_of_peak_sustained_active             %           18.720556 18.720556 18.720556
      sm__inst_issued.avg.pct_of_peak_sustained_active                       %           67.056060 67.056060 67.056060
      sm__inst_issued.avg.per_cycle_active                                   inst/cycle  2.682242  2.682242  2.682242 
      sm__inst_issued.max.pct_of_peak_sustained_active                       %           70.953214 70.953214 70.953214
      sm__instruction_throughput.avg.pct_of_peak_sustained_active            %           88.950774 88.950774 88.950774
      sm__pipe_alu_cycles_active.avg.pct_of_peak_sustained_active            %           28.877883 28.877883 28.877883
      sm__pipe_fma_cycles_active.avg.pct_of_peak_sustained_active            %           88.950774 88.950774 88.950774

    kitsune_kernel, Block Size 256, Grid Size 1024, 1 invocations 
      Section: GPU Speed Of Light Roofline Chart
      Metric Name                                                           Metric Unit   Minimum      Maximum      Average     
      --------------------------------------------------------------------- ------------- ------------ ------------ ------------
      derived__sm__sass_thread_inst_executed_op_dfma_pred_on_x2             inst          6912.000000  6912.000000  6912.000000 
      derived__sm__sass_thread_inst_executed_op_ffma_pred_on_x2             inst          13824.000000 13824.000000 13824.000000
      derived__smsp__sass_thread_inst_executed_op_dfma_pred_on_x2           inst          0.000000     0.000000     0.000000    
      derived__smsp__sass_thread_inst_executed_op_ffma_pred_on_x2           inst          699.508190   699.508190   699.508190  
      dram__bytes.sum.peak_sustained                                        Kbyte/cycle   1.280000     1.280000     1.280000    
      dram__bytes.sum.per_second                                            Kbyte/second  289.750689   289.750689   289.750689  
      dram__cycles_elapsed.avg.per_second                                   cycle/nsecond 1.215545     1.215545     1.215545    
      sm__cycles_elapsed.avg.per_second                                     cycle/nsecond 1.095488     1.095488     1.095488    
      sm__sass_thread_inst_executed_op_dfma_pred_on.sum.peak_sustained      inst/cycle    3456.000000  3456.000000  3456.000000 
      sm__sass_thread_inst_executed_op_ffma_pred_on.sum.peak_sustained      inst/cycle    6912.000000  6912.000000  6912.000000 
      smsp__cycles_elapsed.avg.per_second                                   cycle/nsecond 1.095488     1.095488     1.095488    
      smsp__sass_thread_inst_executed_op_dadd_pred_on.sum.per_cycle_elapsed inst/cycle    0.000000     0.000000     0.000000    
      smsp__sass_thread_inst_executed_op_dfma_pred_on.sum.per_cycle_elapsed inst/cycle    0.000000     0.000000     0.000000    
      smsp__sass_thread_inst_executed_op_dmul_pred_on.sum.per_cycle_elapsed inst/cycle    0.000000     0.000000     0.000000    
      smsp__sass_thread_inst_executed_op_fadd_pred_on.sum.per_cycle_elapsed inst/cycle    1040.746589  1040.746589  1040.746589 
      smsp__sass_thread_inst_executed_op_ffma_pred_on.sum.per_cycle_elapsed inst/cycle    349.754095   349.754095   349.754095  
      smsp__sass_thread_inst_executed_op_fmul_pred_on.sum.per_cycle_elapsed inst/cycle    530.054303   530.054303   530.054303  

    kitsune_kernel, Block Size 256, Grid Size 1024, 1 invocations 
      Section: GPU Speed Of Light Throughput
      Metric Name                                                              Metric Unit   Minimum           Maximum           Average          
      ------------------------------------------------------------------------ ------------- ----------------- ----------------- -----------------
      dram__cycles_active.avg.pct_of_peak_sustained_elapsed                    %             0.000019          0.000019          0.000019         
      dram__cycles_elapsed.avg.per_second                                      cycle/nsecond 1.215545          1.215545          1.215545         
      fbpa__dram_sectors.avg.pct_of_peak_sustained_elapsed                     %             0.000011          0.000011          0.000011         
      gpc__cycles_elapsed.avg.per_second                                       cycle/nsecond 1.095488          1.095488          1.095488         
      gpc__cycles_elapsed.max                                                  cycle         6044932884.000000 6044932884.000000 6044932884.000000
      gpu__compute_memory_throughput.avg.pct_of_peak_sustained_elapsed         %             0.003806          0.003806          0.003806         
      gpu__dram_throughput.avg.pct_of_peak_sustained_elapsed                   %             0.000019          0.000019          0.000019         
      gpu__time_duration.sum                                                   second        5.518013          5.518013          5.518013         
      idc__request_cycles_active.avg.pct_of_peak_sustained_elapsed             %             0.000003          0.000003          0.000003         
      l1tex__data_bank_reads.avg.pct_of_peak_sustained_elapsed                 %             0.000025          0.000025          0.000025         
      l1tex__data_bank_writes.avg.pct_of_peak_sustained_elapsed                %             0.000015          0.000015          0.000015         
      l1tex__data_pipe_lsu_wavefronts.avg.pct_of_peak_sustained_elapsed        %             0.000070          0.000070          0.000070         
      l1tex__data_pipe_tex_wavefronts.avg.pct_of_peak_sustained_elapsed        %             0.000000          0.000000          0.000000         
      l1tex__f_wavefronts.avg.pct_of_peak_sustained_elapsed                    %             0.000000          0.000000          0.000000         
      l1tex__lsu_writeback_active.avg.pct_of_peak_sustained_elapsed            %             0.000001          0.000001          0.000001         
      l1tex__lsuin_requests.avg.pct_of_peak_sustained_elapsed                  %             0.000031          0.000031          0.000031         
      l1tex__m_l1tex2xbar_req_cycles_active.avg.pct_of_peak_sustained_elapsed  %             0.000324          0.000324          0.000324         
      l1tex__m_xbar2l1tex_read_sectors.avg.pct_of_peak_sustained_elapsed       %             0.000000          0.000000          0.000000         
      l1tex__tex_writeback_active.avg.pct_of_peak_sustained_elapsed            %             0.000000          0.000000          0.000000         
      l1tex__texin_sm2tex_req_cycles_active.avg.pct_of_peak_sustained_elapsed  %             0.000000          0.000000          0.000000         
      l1tex__throughput.avg.pct_of_peak_sustained_active                       %             0.000340          0.000340          0.000340         
      launch__waves_per_multiprocessor                                                       3.160494          3.160494          3.160494         
      lts__d_atomic_input_cycles_active.avg.pct_of_peak_sustained_elapsed      %             0.000000          0.000000          0.000000         
      lts__d_sectors.avg.pct_of_peak_sustained_elapsed                         %             0.001089          0.001089          0.001089         
      lts__d_sectors_fill_device.avg.pct_of_peak_sustained_elapsed             %             0.000011          0.000011          0.000011         
      lts__d_sectors_fill_sysmem.avg.pct_of_peak_sustained_elapsed             %             0.000000          0.000000          0.000000         
      lts__lts2xbar_cycles_active.avg.pct_of_peak_sustained_elapsed            %             0.000098          0.000098          0.000098         
      lts__t_sectors.avg.pct_of_peak_sustained_elapsed                         %             0.000380          0.000380          0.000380         
      lts__t_tag_requests.avg.pct_of_peak_sustained_elapsed                    %             0.000194          0.000194          0.000194         
      lts__throughput.avg.pct_of_peak_sustained_elapsed                        %             0.003806          0.003806          0.003806         
      lts__xbar2lts_cycles_active.avg.pct_of_peak_sustained_elapsed            %             0.000483          0.000483          0.000483         
      sm__cycles_active.avg                                                    cycle         5749088151.101851 5749088151.101851 5749088151.101851
      sm__inst_executed.avg.pct_of_peak_sustained_elapsed                      %             63.772613         63.772613         63.772613        
      sm__inst_executed_pipe_adu.avg.pct_of_peak_sustained_elapsed             %             0.000006          0.000006          0.000006         
      sm__inst_executed_pipe_cbu_pred_on_any.avg.pct_of_peak_sustained_elapsed %             11.401769         11.401769         11.401769        
      sm__inst_executed_pipe_fp16.avg.pct_of_peak_sustained_elapsed            %             0.000000          0.000000          0.000000         
      sm__inst_executed_pipe_ipa.avg.pct_of_peak_sustained_elapsed             %             0.000000          0.000000          0.000000         
      sm__inst_executed_pipe_lsu.avg.pct_of_peak_sustained_elapsed             %             0.000031          0.000031          0.000031         
      sm__inst_executed_pipe_tex.avg.pct_of_peak_sustained_elapsed             %             0.000000          0.000000          0.000000         
      sm__inst_executed_pipe_uniform.avg.pct_of_peak_sustained_elapsed         %             0.000327          0.000327          0.000327         
      sm__inst_executed_pipe_xu.avg.pct_of_peak_sustained_elapsed              %             17.804402         17.804402         17.804402        
      sm__issue_active.avg.pct_of_peak_sustained_elapsed                       %             63.774445         63.774445         63.774445        
      sm__mio2rf_writeback_active.avg.pct_of_peak_sustained_elapsed            %             0.000002          0.000002          0.000002         
      sm__mio_inst_issued.avg.pct_of_peak_sustained_elapsed                    %             0.000017          0.000017          0.000017         
      sm__mio_pq_read_cycles_active.avg.pct_of_peak_sustained_elapsed          %             0.013473          0.013473          0.013473         
      sm__mio_pq_write_cycles_active.avg.pct_of_peak_sustained_elapsed         %             0.013473          0.013473          0.013473         
      sm__pipe_alu_cycles_active.avg.pct_of_peak_sustained_elapsed             %             27.464646         27.464646         27.464646        
      sm__pipe_fma_cycles_active.avg.pct_of_peak_sustained_elapsed             %             84.597667         84.597667         84.597667        
      sm__pipe_fp64_cycles_active.avg.pct_of_peak_sustained_elapsed            %             0.000000          0.000000          0.000000         
      sm__pipe_shared_cycles_active.avg.pct_of_peak_sustained_elapsed          %             1.417363          1.417363          1.417363         
      sm__pipe_tensor_cycles_active.avg.pct_of_peak_sustained_elapsed          %             1.417363          1.417363          1.417363         
      sm__throughput.avg.pct_of_peak_sustained_elapsed                         %             84.597667         84.597667         84.597667        

    kitsune_kernel, Block Size 256, Grid Size 1024, 1 invocations 
      Section: Instruction Statistics
      Metric Name                    Metric Unit Minimum              Maximum              Average             
      ------------------------------ ----------- -------------------- -------------------- --------------------
      inst_executed                  inst        1665360548305.000000 1665360548305.000000 1665360548305.000000
      sass__inst_executed_per_opcode             1665360548305.000000 1665360548305.000000 1665360548305.000000
      smsp__inst_executed.avg        inst        3855001269.224537    3855001269.224537    3855001269.224537   
      smsp__inst_executed.sum        inst        1665360548305.000000 1665360548305.000000 1665360548305.000000
      smsp__inst_issued.avg          inst        3855111997.682870    3855111997.682870    3855111997.682870   
      smsp__inst_issued.sum          inst        1665408382999.000000 1665408382999.000000 1665408382999.000000

    kitsune_kernel, Block Size 256, Grid Size 1024, 1 invocations 
      Section: Launch Statistics
      Metric Name                                       Metric Unit     Minimum       Maximum       Average      
      ------------------------------------------------- --------------- ------------- ------------- -------------
      launch__block_size                                                256.000000    256.000000    256.000000   
      launch__grid_size                                                 1024.000000   1024.000000   1024.000000  
      launch__registers_per_thread                      register/thread 79.000000     79.000000     79.000000    
      launch__shared_mem_config_size                    Kbyte           16.384000     16.384000     16.384000    
      launch__shared_mem_per_block_driver               Kbyte/block     1.024000      1.024000      1.024000     
      launch__shared_mem_per_block_dynamic              byte/block      0.000000      0.000000      0.000000     
      launch__shared_mem_per_block_static               byte/block      0.000000      0.000000      0.000000     
      launch__thread_count                              thread          262144.000000 262144.000000 262144.000000
      launch__waves_per_multiprocessor                                  3.160494      3.160494      3.160494     
      sm__maximum_warps_per_active_cycle_pct            %               37.500000     37.500000     37.500000    
      sm__warps_active.avg.pct_of_peak_sustained_active %               33.066382     33.066382     33.066382    

    kitsune_kernel, Block Size 256, Grid Size 1024, 1 invocations 
      Section: Memory Workload Analysis
      Metric Name                                                              Metric Unit  Minimum    Maximum    Average   
      ------------------------------------------------------------------------ ------------ ---------- ---------- ----------
      dram__bytes.sum.per_second                                               Kbyte/second 289.750689 289.750689 289.750689
      gpu__compute_memory_access_throughput.avg.pct_of_peak_sustained_elapsed  %            0.003806   0.003806   0.003806  
      gpu__compute_memory_request_throughput.avg.pct_of_peak_sustained_elapsed %            0.000483   0.000483   0.000483  
      l1tex__t_sector_hit_rate.pct                                             %            95.833333  95.833333  95.833333 
      lts__average_gcomp_input_sector_success_rate.pct                         %            0.000000   0.000000   0.000000  
      lts__average_gcomp_output_sector_compression_achieved_rate.ratio                      0.000000   0.000000   0.000000  
      lts__t_sector_hit_rate.pct                                               %            99.884868  99.884868  99.884868 
      sm__memory_throughput.avg.pct_of_peak_sustained_elapsed                  %            0.013473   0.013473   0.013473  

    kitsune_kernel, Block Size 256, Grid Size 1024, 1 invocations 
      Section: Occupancy
      Metric Name                                       Metric Unit     Minimum     Maximum     Average    
      ------------------------------------------------- --------------- ----------- ----------- -----------
      launch__block_size                                                256.000000  256.000000  256.000000 
      launch__occupancy_limit_blocks                    block           32.000000   32.000000   32.000000  
      launch__occupancy_limit_registers                 block           3.000000    3.000000    3.000000   
      launch__occupancy_limit_shared_mem                block           164.000000  164.000000  164.000000 
      launch__occupancy_limit_warps                     block           8.000000    8.000000    8.000000   
      launch__occupancy_per_block_size                                  1006.000000 1006.000000 1006.000000
      launch__occupancy_per_register_count                              5504.000000 5504.000000 5504.000000
      launch__occupancy_per_shared_mem_size                             2328.000000 2328.000000 2328.000000
      launch__registers_per_thread                      register/thread 79.000000   79.000000   79.000000  
      launch__shared_mem_per_block                      Kbyte/block     1.024000    1.024000    1.024000   
      sm__maximum_warps_avg_per_active_cycle            warp            24.000000   24.000000   24.000000  
      sm__maximum_warps_per_active_cycle_pct            %               37.500000   37.500000   37.500000  
      sm__warps_active.avg.pct_of_peak_sustained_active %               33.066382   33.066382   33.066382  
      sm__warps_active.avg.per_cycle_active             warp            21.162484   21.162484   21.162484  

    kitsune_kernel, Block Size 256, Grid Size 1024, 1 invocations 
      Section: Scheduler Statistics
      Metric Name                                         Metric Unit Minimum   Maximum   Average  
      --------------------------------------------------- ----------- --------- --------- ---------
      smsp__issue_active.avg.pct_of_peak_sustained_active %           67.390922 67.390922 67.390922
      smsp__issue_active.avg.per_cycle_active                         0.673909  0.673909  0.673909 
      smsp__issue_inst0.avg.pct_of_peak_sustained_active  %           32.609078 32.609078 32.609078
      smsp__maximum_warps_avg_per_active_cycle            warp        6.000000  6.000000  6.000000 
      smsp__warps_active.avg.peak_sustained               warp        16.000000 16.000000 16.000000
      smsp__warps_active.avg.per_cycle_active             warp        5.317142  5.317142  5.317142 
      smsp__warps_eligible.avg.per_cycle_active           warp        2.212554  2.212554  2.212554 

    kitsune_kernel, Block Size 256, Grid Size 1024, 1 invocations 
      Section: Source Counters
      Metric Name                                                    Metric Unit Minimum               Maximum               Average              
      -------------------------------------------------------------- ----------- --------------------- --------------------- ---------------------
      derived__avg_thread_executed                                   thread      10.000000             10.000000             10.000000            
      derived__memory_l1_wavefronts_shared_excessive                 byte        0.000000              0.000000              0.000000             
      derived__memory_l2_theoretical_sectors_global_excessive        Mbyte       4.521984              4.521984              4.521984             
      derived__smsp__inst_executed_op_branch_pct                     %           0.053591              0.053591              0.053591             
      gpc__cycles_elapsed.max                                        cycle       6044932884.000000     6044932884.000000     6044932884.000000    
      inst_executed                                                  inst        1665360548305.000000  1665360548305.000000  1665360548305.000000 
      memory_l1_tag_requests_global                                  sectors     1179648.000000        1179648.000000        1179648.000000       
      memory_l1_wavefronts_shared                                    sectors     0.000000              0.000000              0.000000             
      memory_l1_wavefronts_shared_ideal                              sectors     0.000000              0.000000              0.000000             
      memory_l2_theoretical_sectors_global                           sectors     4718592.000000        4718592.000000        4718592.000000       
      memory_l2_theoretical_sectors_global_ideal                     sectors     196608.000000         196608.000000         196608.000000        
      memory_l2_theoretical_sectors_local                            sectors     0.000000              0.000000              0.000000             
      smsp__branch_targets_threads_divergent                                     1828158197.000000     1828158197.000000     1828158197.000000    
      smsp__inst_executed.sum                                        inst        1665360548305.000000  1665360548305.000000  1665360548305.000000 
      smsp__inst_executed_op_branch.sum                              inst        89248745706.000000    89248745706.000000    89248745706.000000   
      smsp__pcsamp_sample_count                                                  3669964.000000        3669964.000000        3669964.000000       
      smsp__pcsamp_warps_issue_stalled_barrier                       warp        0.000000              0.000000              0.000000             
      smsp__pcsamp_warps_issue_stalled_barrier_not_issued            warp        0.000000              0.000000              0.000000             
      smsp__pcsamp_warps_issue_stalled_branch_resolving              warp        118525.000000         118525.000000         118525.000000        
      smsp__pcsamp_warps_issue_stalled_branch_resolving_not_issued   warp        32773.000000          32773.000000          32773.000000         
      smsp__pcsamp_warps_issue_stalled_dispatch_stall                warp        24426.000000          24426.000000          48852.000000         
      smsp__pcsamp_warps_issue_stalled_dispatch_stall_not_issued     warp        5145.000000           5145.000000           10290.000000         
      smsp__pcsamp_warps_issue_stalled_drain                         warp        0.000000              0.000000              0.000000             
      smsp__pcsamp_warps_issue_stalled_drain_not_issued              warp        0.000000              0.000000              0.000000             
      smsp__pcsamp_warps_issue_stalled_imc_miss                      warp        63.000000             63.000000             126.000000           
      smsp__pcsamp_warps_issue_stalled_imc_miss_not_issued           warp        48.000000             48.000000             96.000000            
      smsp__pcsamp_warps_issue_stalled_lg_throttle                   warp        0.000000              0.000000              0.000000             
      smsp__pcsamp_warps_issue_stalled_lg_throttle_not_issued        warp        0.000000              0.000000              0.000000             
      smsp__pcsamp_warps_issue_stalled_long_scoreboard               warp        0.000000              0.000000              0.000000             
      smsp__pcsamp_warps_issue_stalled_long_scoreboard_not_issued    warp        0.000000              0.000000              0.000000             
      smsp__pcsamp_warps_issue_stalled_math_pipe_throttle            warp        1019871.000000        1019871.000000        2039742.000000       
      smsp__pcsamp_warps_issue_stalled_math_pipe_throttle_not_issued warp        651388.000000         651388.000000         1302776.000000       
      smsp__pcsamp_warps_issue_stalled_membar                        byte        0.000000              0.000000              0.000000             
      smsp__pcsamp_warps_issue_stalled_membar_not_issued             byte        0.000000              0.000000              0.000000             
      smsp__pcsamp_warps_issue_stalled_mio_throttle                  warp        4267.000000           4267.000000           8534.000000          
      smsp__pcsamp_warps_issue_stalled_mio_throttle_not_issued       warp        1544.000000           1544.000000           3088.000000          
      smsp__pcsamp_warps_issue_stalled_misc                          warp        23.000000             23.000000             46.000000            
      smsp__pcsamp_warps_issue_stalled_misc_not_issued               warp        9.000000              9.000000              18.000000            
      smsp__pcsamp_warps_issue_stalled_no_instructions               inst        153567.000000         153567.000000         307134.000000        
      smsp__pcsamp_warps_issue_stalled_no_instructions_not_issued    inst        50091.000000          50091.000000          100182.000000        
      smsp__pcsamp_warps_issue_stalled_not_selected                  warp        1129340.000000        1129340.000000        2258680.000000       
      smsp__pcsamp_warps_issue_stalled_not_selected_not_issued       warp        0.000000              0.000000              0.000000             
      smsp__pcsamp_warps_issue_stalled_selected                      warp        426097.000000         426097.000000         852194.000000        
      smsp__pcsamp_warps_issue_stalled_selected_not_issued           warp        0.000000              0.000000              0.000000             
      smsp__pcsamp_warps_issue_stalled_short_scoreboard              warp        128483.000000         128483.000000         256966.000000        
      smsp__pcsamp_warps_issue_stalled_short_scoreboard_not_issued   warp        38768.000000          38768.000000          77536.000000         
      smsp__pcsamp_warps_issue_stalled_sleeping                      warp        0.000000              0.000000              0.000000             
      smsp__pcsamp_warps_issue_stalled_sleeping_not_issued           warp        0.000000              0.000000              0.000000             
      smsp__pcsamp_warps_issue_stalled_tex_throttle                  warp        0.000000              0.000000              0.000000             
      smsp__pcsamp_warps_issue_stalled_tex_throttle_not_issued       warp        0.000000              0.000000              0.000000             
      smsp__pcsamp_warps_issue_stalled_wait                          warp        665302.000000         665302.000000         1330604.000000       
      smsp__pcsamp_warps_issue_stalled_wait_not_issued               warp        275258.000000         275258.000000         550516.000000        
      smsp__sass_average_branch_targets_threads_uniform.pct          %           96.292700             96.292700             96.292700            
      smsp__sass_branch_targets_threads_divergent.avg                            4231847.678241        4231847.678241        4231847.678241       
      thread_inst_executed_true                                      inst        17164418733165.000000 17164418733165.000000 17164418733165.000000

    kitsune_kernel, Block Size 256, Grid Size 1024, 1 invocations 
      Section: Warp State Statistics
      Metric Name                                                                 Metric Unit Minimum   Maximum   Average  
      --------------------------------------------------------------------------- ----------- --------- --------- ---------
      smsp__average_warp_latency_per_inst_issued.ratio                            cycle       7.889998  7.889998  7.889998 
      smsp__average_warps_active_per_inst_executed.ratio                          cycle       7.890225  7.890225  7.890225 
      smsp__average_warps_issue_stalled_barrier_per_issue_active.ratio            inst        0.000000  0.000000  0.000000 
      smsp__average_warps_issue_stalled_branch_resolving_per_issue_active.ratio   inst        0.283279  0.283279  0.283279 
      smsp__average_warps_issue_stalled_dispatch_stall_per_issue_active.ratio     inst        0.050590  0.050590  0.050590 
      smsp__average_warps_issue_stalled_drain_per_issue_active.ratio              inst        0.000000  0.000000  0.000000 
      smsp__average_warps_issue_stalled_imc_miss_per_issue_active.ratio           inst        0.000002  0.000002  0.000002 
      smsp__average_warps_issue_stalled_lg_throttle_per_issue_active.ratio        inst        0.000000  0.000000  0.000000 
      smsp__average_warps_issue_stalled_long_scoreboard_per_issue_active.ratio    inst        0.000000  0.000000  0.000000 
      smsp__average_warps_issue_stalled_math_pipe_throttle_per_issue_active.ratio inst        2.063938  2.063938  2.063938 
      smsp__average_warps_issue_stalled_membar_per_issue_active.ratio             inst        0.000000  0.000000  0.000000 
      smsp__average_warps_issue_stalled_mio_throttle_per_issue_active.ratio       inst        0.009277  0.009277  0.009277 
      smsp__average_warps_issue_stalled_misc_per_issue_active.ratio               inst        0.000053  0.000053  0.000053 
      smsp__average_warps_issue_stalled_no_instruction_per_issue_active.ratio     inst        0.325040  0.325040  0.325040 
      smsp__average_warps_issue_stalled_not_selected_per_issue_active.ratio       inst        2.283295  2.283295  2.283295 
      smsp__average_warps_issue_stalled_selected_per_issue_active.ratio           inst        1.000000  1.000000  1.000000 
      smsp__average_warps_issue_stalled_short_scoreboard_per_issue_active.ratio   inst        0.308912  0.308912  0.308912 
      smsp__average_warps_issue_stalled_sleeping_per_issue_active.ratio           inst        0.000000  0.000000  0.000000 
      smsp__average_warps_issue_stalled_tex_throttle_per_issue_active.ratio       inst        0.000000  0.000000  0.000000 
      smsp__average_warps_issue_stalled_wait_per_issue_active.ratio               inst        1.565644  1.565644  1.565644 
      smsp__issue_active.avg.per_cycle_active                                                 0.673909  0.673909  0.673909 
      smsp__thread_inst_executed_per_inst_executed.ratio                                      10.660385 10.660385 10.660385
      smsp__thread_inst_executed_pred_on_per_inst_executed.ratio                              10.306942 10.306942 10.306942

Note: The shown averages are calculated as the arithmetic mean of the metric values after the evaluation of the metrics for each individual kernel launch.
If aggregating across varying launch configurations (like shared memory, cache config settings), the arithmetic mean can be misleading and looking at the individual results is recommended instead.
This output mode is backwards compatible to the per-kernel summary output of nvprof
